生成启动时间为 2014/7/8 10:31:32。
     1>项目“C:\Users\ghin.zhang\Desktop\ChimCode\Orb Panorama\OrbPano\OrbPano\OrbPano.vcxproj”在节点 2 上(build 个目标)。
     1>InitializeBuildStatus:
         正在创建“Debug\OrbPano.unsuccessfulbuild”，因为已指定“AlwaysCreate”。
       ClCompile:
         c:\Program Files (x86)\Microsoft Visual Studio 10.0\VC\bin\CL.exe /c /I..\include\opencv /I..\include /ZI /nologo /W3 /WX- /Od /Oy- /D _MBCS /Gm /EHsc /RTC1 /MDd /GS /fp:precise /Zc:wchar_t /Zc:forScope /Fo"Debug\\" /Fd"Debug\vc100.pdb" /Gd /TP /analyze- /errorReport:prompt main.cpp
         main.cpp
     1>c:\users\ghin.zhang\desktop\chimcode\orb panorama\orbpano\orbpano\main.cpp(60): warning C4018: “<”: 有符号/无符号不匹配
       Link:
         c:\Program Files (x86)\Microsoft Visual Studio 10.0\VC\bin\link.exe /ERRORREPORT:PROMPT /OUT:"C:\Users\ghin.zhang\Desktop\ChimCode\Orb Panorama\OrbPano\Debug\OrbPano.exe" /NOLOGO /LIBPATH:..\lib\opencv\debug opencv_core248d.lib opencv_contrib248d.lib opencv_stitching248d.lib opencv_nonfree248d.lib opencv_superres248d.lib opencv_videostab248d.lib opencv_gpu248d.lib opencv_legacy248d.lib opencv_ocl248d.lib opencv_calib3d248d.lib opencv_ts248d.lib opencv_features2d248d.lib opencv_objdetect248d.lib opencv_highgui248d.lib opencv_video248d.lib opencv_photo248d.lib opencv_imgproc248d.lib opencv_ml248d.lib opencv_flann248d.lib kernel32.lib user32.lib gdi32.lib winspool.lib comdlg32.lib advapi32.lib shell32.lib ole32.lib oleaut32.lib uuid.lib odbc32.lib odbccp32.lib kernel32.lib user32.lib gdi32.lib winspool.lib comdlg32.lib advapi32.lib shell32.lib ole32.lib oleaut32.lib uuid.lib odbc32.lib odbccp32.lib /MANIFEST /ManifestFile:"Debug\OrbPano.exe.intermediate.manifest" /MANIFESTUAC:"level='asInvoker' uiAccess='false'" /DEBUG /PDB:"C:\Users\ghin.zhang\Desktop\ChimCode\Orb Panorama\OrbPano\Debug\OrbPano.pdb" /TLBID:1 /DYNAMICBASE /NXCOMPAT /IMPLIB:"C:\Users\ghin.zhang\Desktop\ChimCode\Orb Panorama\OrbPano\Debug\OrbPano.lib" /MACHINE:X86 Debug\main.obj
         LINK : 没有找到 C:\Users\ghin.zhang\Desktop\ChimCode\Orb Panorama\OrbPano\Debug\OrbPano.exe 或上一个增量链接没有生成它；正在执行完全链接
         OrbPano.vcxproj -> C:\Users\ghin.zhang\Desktop\ChimCode\Orb Panorama\OrbPano\Debug\OrbPano.exe
       Manifest:
         c:\Program Files (x86)\Microsoft SDKs\Windows\v7.0A\bin\mt.exe /nologo /verbose /outputresource:"C:\Users\ghin.zhang\Desktop\ChimCode\Orb Panorama\OrbPano\Debug\OrbPano.exe;#1" /manifest Debug\OrbPano.exe.intermediate.manifest
       FinalizeBuildStatus:
         正在删除文件“Debug\OrbPano.unsuccessfulbuild”。
         正在对“Debug\OrbPano.lastbuildstate”执行 Touch 任务。
     1>已完成生成项目“C:\Users\ghin.zhang\Desktop\ChimCode\Orb Panorama\OrbPano\OrbPano\OrbPano.vcxproj”(build 个目标)的操作。

生成成功。

已用时间 00:00:01.56
